<?xml version="1.0" encoding="UTF-8"?>
<!-- Generated by org.testng.reporters.JUnitReportReporter -->
<testsuite hostname="LAPTOP-E78QFD5E" failures="0" tests="1" name="org.numpy.dsalgo.test.LoginTest" time="2.369" errors="0" timestamp="27 Oct 2021 19:34:14 GMT" skipped="0">
  <testcase classname="org.numpy.dsalgo.test.LoginTest" name="loginToDsAlgo" time="2.369"/>
</testsuite> <!-- org.numpy.dsalgo.test.LoginTest -->
